stdio    D         file_stdio.c:110  file_stdio_fopen                 [   0.00000] opening D:\Desktop\助教工作\程設一\final_project\YCY_template\final_project_bundle\Final_project_template\bin\Debug\allegro5.cfg r
system   D            wsystem.c:889  _al_win_safe_load_library        [   0.00000] PathFindOnPath found: C:\WINDOWS\system32\shcore.dll
system   D            wsystem.c:795  load_library_at_path             [   0.00000] Calling LoadLibrary C:\WINDOWS\system32\shcore.dll
system   I            wsystem.c:798  load_library_at_path             [   0.00000] Loaded C:\WINDOWS\system32\shcore.dll
system   I             system.c:271  al_install_system                [   0.00000] Allegro version: 5.2.8
audio-dsound I           dsound.cpp:275  _dsound_open                     [   0.00014] Starting DirectSound...
audio-dsound D           dsound.cpp:288  _dsound_open                     [   0.02228] DirectSoundCreate8 succeeded
audio-dsound I           dsound.cpp:77   get_window                       [   0.02235] Using desktop window: 0000000000010010
audio    I              audio.c:391  do_install_audio                 [   0.02242] Using DirectSound driver
system   D            wsystem.c:889  _al_win_safe_load_library        [   0.02266] PathFindOnPath found: C:\WINDOWS\system32\d3d9.dll
system   D            wsystem.c:795  load_library_at_path             [   0.02268] Calling LoadLibrary C:\WINDOWS\system32\d3d9.dll
system   I            wsystem.c:798  load_library_at_path             [   0.02351] Loaded C:\WINDOWS\system32\d3d9.dll
d3d      I         d3d_disp.cpp:679  d3d_init_display                 [   0.09931] Render-to-texture: 1
d3d      I         d3d_disp.cpp:1780 d3d_create_display_locked        [   0.09993] faux_fullscreen=0
d3d      D         d3d_disp.cpp:1781 d3d_create_display_locked        [   0.09998] al_display=00000217764fe7b0
d3d      D         d3d_disp.cpp:1782 d3d_create_display_locked        [   0.09999] al_display->vt=00000217764fdea0
d3d      I d3d_display_formats.cpp:144  _al_d3d_generate_display_format_list [   0.13299] found 160 format combinations
display  D   display_settings.c:214  debug_display_settings           [   0.13304] color: 32 (rgba 8880), depth: 0, stencil: 0, acc: 0000, samples: 0/0
display  D   display_settings.c:529  _al_score_display_settings       [   0.13307] Score is : 897
display  D   display_settings.c:214  debug_display_settings           [   0.13308] color: 32 (rgba 8880), depth: 0, stencil: 0, acc: 0000, samples: 0/0
display  D   display_settings.c:529  _al_score_display_settings       [   0.13309] Score is : 897
display  D   display_settings.c:214  debug_display_settings           [   0.13311] color: 32 (rgba 8880), depth: 0, stencil: 0, acc: 0000, samples: 2/1
display  D   display_settings.c:529  _al_score_display_settings       [   0.13312] Score is : 726
display  D   display_settings.c:214  debug_display_settings           [   0.13313] color: 32 (rgba 8880), depth: 0, stencil: 0, acc: 0000, samples: 3/1
display  D   display_settings.c:529  _al_score_display_settings       [   0.13315] Score is : 721
display  D   display_settings.c:214  debug_display_settings           [   0.13316] color: 32 (rgba 8880), depth: 0, stencil: 0, acc: 0000, samples: 4/1
display  D   display_settings.c:529  _al_score_display_settings       [   0.13318] Score is : 717
display  D   display_settings.c:214  debug_display_settings           [   0.13319] color: 32 (rgba 8880), depth: 24, stencil: 8, acc: 0000, samples: 0/0
display  D   display_settings.c:529  _al_score_display_settings       [   0.13320] Score is : 897
display  D   display_settings.c:214  debug_display_settings           [   0.13322] color: 32 (rgba 8880), depth: 24, stencil: 8, acc: 0000, samples: 0/0
display  D   display_settings.c:529  _al_score_display_settings       [   0.13323] Score is : 897
display  D   display_settings.c:214  debug_display_settings           [   0.13324] color: 32 (rgba 8880), depth: 24, stencil: 8, acc: 0000, samples: 2/1
display  D   display_settings.c:529  _al_score_display_settings       [   0.13326] Score is : 726
display  D   display_settings.c:214  debug_display_settings           [   0.13334] color: 32 (rgba 8880), depth: 24, stencil: 8, acc: 0000, samples: 3/1
display  D   display_settings.c:529  _al_score_display_settings       [   0.13336] Score is : 721
display  D   display_settings.c:214  debug_display_settings           [   0.13338] color: 32 (rgba 8880), depth: 24, stencil: 8, acc: 0000, samples: 4/1
display  D   display_settings.c:529  _al_score_display_settings       [   0.13340] Score is : 717
display  D   display_settings.c:214  debug_display_settings           [   0.13341] color: 32 (rgba 8880), depth: 24, stencil: 0, acc: 0000, samples: 0/0
display  D   display_settings.c:529  _al_score_display_settings       [   0.13346] Score is : 897
display  D   display_settings.c:214  debug_display_settings           [   0.13349] color: 32 (rgba 8880), depth: 24, stencil: 0, acc: 0000, samples: 0/0
display  D   display_settings.c:529  _al_score_display_settings       [   0.13351] Score is : 897
display  D   display_settings.c:214  debug_display_settings           [   0.13353] color: 32 (rgba 8880), depth: 24, stencil: 0, acc: 0000, samples: 2/1
display  D   display_settings.c:529  _al_score_display_settings       [   0.13355] Score is : 726
display  D   display_settings.c:214  debug_display_settings           [   0.13356] color: 32 (rgba 8880), depth: 24, stencil: 0, acc: 0000, samples: 3/1
display  D   display_settings.c:529  _al_score_display_settings       [   0.13357] Score is : 721
display  D   display_settings.c:214  debug_display_settings           [   0.13363] color: 32 (rgba 8880), depth: 24, stencil: 0, acc: 0000, samples: 4/1
display  D   display_settings.c:529  _al_score_display_settings       [   0.13372] Score is : 717
display  D   display_settings.c:214  debug_display_settings           [   0.13375] color: 32 (rgba 8880), depth: 16, stencil: 0, acc: 0000, samples: 0/0
display  D   display_settings.c:529  _al_score_display_settings       [   0.13377] Score is : 897
display  D   display_settings.c:214  debug_display_settings           [   0.13380] color: 32 (rgba 8880), depth: 16, stencil: 0, acc: 0000, samples: 0/0
display  D   display_settings.c:529  _al_score_display_settings       [   0.13382] Score is : 897
display  D   display_settings.c:214  debug_display_settings           [   0.13383] color: 32 (rgba 8880), depth: 16, stencil: 0, acc: 0000, samples: 2/1
display  D   display_settings.c:529  _al_score_display_settings       [   0.13384] Score is : 726
display  D   display_settings.c:214  debug_display_settings           [   0.13386] color: 32 (rgba 8880), depth: 16, stencil: 0, acc: 0000, samples: 3/1
display  D   display_settings.c:529  _al_score_display_settings       [   0.13387] Score is : 721
display  D   display_settings.c:214  debug_display_settings           [   0.13389] color: 32 (rgba 8880), depth: 16, stencil: 0, acc: 0000, samples: 4/1
display  D   display_settings.c:529  _al_score_display_settings       [   0.13391] Score is : 717
display  D   display_settings.c:214  debug_display_settings           [   0.13392] color: 16 (rgba 5650), depth: 0, stencil: 0, acc: 0000, samples: 0/0
display  D   display_settings.c:529  _al_score_display_settings       [   0.13394] Score is : 897
display  D   display_settings.c:214  debug_display_settings           [   0.13395] color: 16 (rgba 5650), depth: 0, stencil: 0, acc: 0000, samples: 0/0
display  D   display_settings.c:529  _al_score_display_settings       [   0.13397] Score is : 897
display  D   display_settings.c:214  debug_display_settings           [   0.13399] color: 16 (rgba 5650), depth: 0, stencil: 0, acc: 0000, samples: 2/1
display  D   display_settings.c:529  _al_score_display_settings       [   0.13400] Score is : 726
display  D   display_settings.c:214  debug_display_settings           [   0.13404] color: 16 (rgba 5650), depth: 0, stencil: 0, acc: 0000, samples: 3/1
display  D   display_settings.c:529  _al_score_display_settings       [   0.13407] Score is : 721
display  D   display_settings.c:214  debug_display_settings           [   0.13412] color: 16 (rgba 5650), depth: 0, stencil: 0, acc: 0000, samples: 4/1
display  D   display_settings.c:529  _al_score_display_settings       [   0.13418] Score is : 717
display  D   display_settings.c:214  debug_display_settings           [   0.13420] color: 16 (rgba 5650), depth: 24, stencil: 8, acc: 0000, samples: 0/0
display  D   display_settings.c:529  _al_score_display_settings       [   0.13422] Score is : 897
display  D   display_settings.c:214  debug_display_settings           [   0.13424] color: 16 (rgba 5650), depth: 24, stencil: 8, acc: 0000, samples: 0/0
display  D   display_settings.c:529  _al_score_display_settings       [   0.13425] Score is : 897
display  D   display_settings.c:214  debug_display_settings           [   0.13427] color: 16 (rgba 5650), depth: 24, stencil: 8, acc: 0000, samples: 2/1
display  D   display_settings.c:529  _al_score_display_settings       [   0.13428] Score is : 726
display  D   display_settings.c:214  debug_display_settings           [   0.13429] color: 16 (rgba 5650), depth: 24, stencil: 8, acc: 0000, samples: 3/1
display  D   display_settings.c:529  _al_score_display_settings       [   0.13431] Score is : 721
display  D   display_settings.c:214  debug_display_settings           [   0.13434] color: 16 (rgba 5650), depth: 24, stencil: 8, acc: 0000, samples: 4/1
display  D   display_settings.c:529  _al_score_display_settings       [   0.13437] Score is : 717
display  D   display_settings.c:214  debug_display_settings           [   0.13439] color: 16 (rgba 5650), depth: 24, stencil: 0, acc: 0000, samples: 0/0
display  D   display_settings.c:529  _al_score_display_settings       [   0.13441] Score is : 897
display  D   display_settings.c:214  debug_display_settings           [   0.13442] color: 16 (rgba 5650), depth: 24, stencil: 0, acc: 0000, samples: 0/0
display  D   display_settings.c:529  _al_score_display_settings       [   0.13443] Score is : 897
display  D   display_settings.c:214  debug_display_settings           [   0.13445] color: 16 (rgba 5650), depth: 24, stencil: 0, acc: 0000, samples: 2/1
display  D   display_settings.c:529  _al_score_display_settings       [   0.13446] Score is : 726
display  D   display_settings.c:214  debug_display_settings           [   0.13448] color: 16 (rgba 5650), depth: 24, stencil: 0, acc: 0000, samples: 3/1
display  D   display_settings.c:529  _al_score_display_settings       [   0.13450] Score is : 721
display  D   display_settings.c:214  debug_display_settings           [   0.13453] color: 16 (rgba 5650), depth: 24, stencil: 0, acc: 0000, samples: 4/1
display  D   display_settings.c:529  _al_score_display_settings       [   0.13454] Score is : 717
display  D   display_settings.c:214  debug_display_settings           [   0.13456] color: 16 (rgba 5650), depth: 16, stencil: 0, acc: 0000, samples: 0/0
display  D   display_settings.c:529  _al_score_display_settings       [   0.13457] Score is : 897
display  D   display_settings.c:214  debug_display_settings           [   0.13459] color: 16 (rgba 5650), depth: 16, stencil: 0, acc: 0000, samples: 0/0
display  D   display_settings.c:529  _al_score_display_settings       [   0.13472] Score is : 897
display  D   display_settings.c:214  debug_display_settings           [   0.13474] color: 16 (rgba 5650), depth: 16, stencil: 0, acc: 0000, samples: 2/1
display  D   display_settings.c:529  _al_score_display_settings       [   0.13476] Score is : 726
display  D   display_settings.c:214  debug_display_settings           [   0.13477] color: 16 (rgba 5650), depth: 16, stencil: 0, acc: 0000, samples: 3/1
display  D   display_settings.c:529  _al_score_display_settings       [   0.13478] Score is : 721
display  D   display_settings.c:214  debug_display_settings           [   0.13479] color: 16 (rgba 5650), depth: 16, stencil: 0, acc: 0000, samples: 4/1
display  D   display_settings.c:529  _al_score_display_settings       [   0.13480] Score is : 717
display  D   display_settings.c:214  debug_display_settings           [   0.13481] color: 32 (rgba 8880), depth: 0, stencil: 0, acc: 0000, samples: 0/0
display  D   display_settings.c:400  _al_score_display_settings       [   0.13482] Single Buffer requirement not met.
display  D   display_settings.c:214  debug_display_settings           [   0.13483] color: 32 (rgba 8880), depth: 0, stencil: 0, acc: 0000, samples: 0/0
display  D   display_settings.c:400  _al_score_display_settings       [   0.13484] Single Buffer requirement not met.
display  D   display_settings.c:214  debug_display_settings           [   0.13485] color: 32 (rgba 8880), depth: 0, stencil: 0, acc: 0000, samples: 2/1
display  D   display_settings.c:400  _al_score_display_settings       [   0.13486] Single Buffer requirement not met.
display  D   display_settings.c:214  debug_display_settings           [   0.13487] color: 32 (rgba 8880), depth: 0, stencil: 0, acc: 0000, samples: 3/1
display  D   display_settings.c:400  _al_score_display_settings       [   0.13488] Single Buffer requirement not met.
display  D   display_settings.c:214  debug_display_settings           [   0.13489] color: 32 (rgba 8880), depth: 0, stencil: 0, acc: 0000, samples: 4/1
display  D   display_settings.c:400  _al_score_display_settings       [   0.13490] Single Buffer requirement not met.
display  D   display_settings.c:214  debug_display_settings           [   0.13491] color: 32 (rgba 8880), depth: 24, stencil: 8, acc: 0000, samples: 0/0
display  D   display_settings.c:400  _al_score_display_settings       [   0.13492] Single Buffer requirement not met.
display  D   display_settings.c:214  debug_display_settings           [   0.13493] color: 32 (rgba 8880), depth: 24, stencil: 8, acc: 0000, samples: 0/0
display  D   display_settings.c:400  _al_score_display_settings       [   0.13494] Single Buffer requirement not met.
display  D   display_settings.c:214  debug_display_settings           [   0.13495] color: 32 (rgba 8880), depth: 24, stencil: 8, acc: 0000, samples: 2/1
display  D   display_settings.c:400  _al_score_display_settings       [   0.13496] Single Buffer requirement not met.
display  D   display_settings.c:214  debug_display_settings           [   0.13497] color: 32 (rgba 8880), depth: 24, stencil: 8, acc: 0000, samples: 3/1
display  D   display_settings.c:400  _al_score_display_settings       [   0.13498] Single Buffer requirement not met.
display  D   display_settings.c:214  debug_display_settings           [   0.13499] color: 32 (rgba 8880), depth: 24, stencil: 8, acc: 0000, samples: 4/1
display  D   display_settings.c:400  _al_score_display_settings       [   0.13500] Single Buffer requirement not met.
display  D   display_settings.c:214  debug_display_settings           [   0.13501] color: 32 (rgba 8880), depth: 24, stencil: 0, acc: 0000, samples: 0/0
display  D   display_settings.c:400  _al_score_display_settings       [   0.13502] Single Buffer requirement not met.
display  D   display_settings.c:214  debug_display_settings           [   0.13502] color: 32 (rgba 8880), depth: 24, stencil: 0, acc: 0000, samples: 0/0
display  D   display_settings.c:400  _al_score_display_settings       [   0.13503] Single Buffer requirement not met.
display  D   display_settings.c:214  debug_display_settings           [   0.13504] color: 32 (rgba 8880), depth: 24, stencil: 0, acc: 0000, samples: 2/1
display  D   display_settings.c:400  _al_score_display_settings       [   0.13505] Single Buffer requirement not met.
display  D   display_settings.c:214  debug_display_settings           [   0.13506] color: 32 (rgba 8880), depth: 24, stencil: 0, acc: 0000, samples: 3/1
display  D   display_settings.c:400  _al_score_display_settings       [   0.13507] Single Buffer requirement not met.
display  D   display_settings.c:214  debug_display_settings           [   0.13508] color: 32 (rgba 8880), depth: 24, stencil: 0, acc: 0000, samples: 4/1
display  D   display_settings.c:400  _al_score_display_settings       [   0.13509] Single Buffer requirement not met.
display  D   display_settings.c:214  debug_display_settings           [   0.13510] color: 32 (rgba 8880), depth: 16, stencil: 0, acc: 0000, samples: 0/0
display  D   display_settings.c:400  _al_score_display_settings       [   0.13516] Single Buffer requirement not met.
display  D   display_settings.c:214  debug_display_settings           [   0.13519] color: 32 (rgba 8880), depth: 16, stencil: 0, acc: 0000, samples: 0/0
display  D   display_settings.c:400  _al_score_display_settings       [   0.13521] Single Buffer requirement not met.
display  D   display_settings.c:214  debug_display_settings           [   0.13522] color: 32 (rgba 8880), depth: 16, stencil: 0, acc: 0000, samples: 2/1
display  D   display_settings.c:400  _al_score_display_settings       [   0.13523] Single Buffer requirement not met.
display  D   display_settings.c:214  debug_display_settings           [   0.13524] color: 32 (rgba 8880), depth: 16, stencil: 0, acc: 0000, samples: 3/1
display  D   display_settings.c:400  _al_score_display_settings       [   0.13525] Single Buffer requirement not met.
display  D   display_settings.c:214  debug_display_settings           [   0.13526] color: 32 (rgba 8880), depth: 16, stencil: 0, acc: 0000, samples: 4/1
display  D   display_settings.c:400  _al_score_display_settings       [   0.13527] Single Buffer requirement not met.
display  D   display_settings.c:214  debug_display_settings           [   0.13528] color: 16 (rgba 5650), depth: 0, stencil: 0, acc: 0000, samples: 0/0
display  D   display_settings.c:400  _al_score_display_settings       [   0.13529] Single Buffer requirement not met.
display  D   display_settings.c:214  debug_display_settings           [   0.13530] color: 16 (rgba 5650), depth: 0, stencil: 0, acc: 0000, samples: 0/0
display  D   display_settings.c:400  _al_score_display_settings       [   0.13531] Single Buffer requirement not met.
display  D   display_settings.c:214  debug_display_settings           [   0.13532] color: 16 (rgba 5650), depth: 0, stencil: 0, acc: 0000, samples: 2/1
display  D   display_settings.c:400  _al_score_display_settings       [   0.13533] Single Buffer requirement not met.
display  D   display_settings.c:214  debug_display_settings           [   0.13534] color: 16 (rgba 5650), depth: 0, stencil: 0, acc: 0000, samples: 3/1
display  D   display_settings.c:400  _al_score_display_settings       [   0.13535] Single Buffer requirement not met.
display  D   display_settings.c:214  debug_display_settings           [   0.13536] color: 16 (rgba 5650), depth: 0, stencil: 0, acc: 0000, samples: 4/1
display  D   display_settings.c:400  _al_score_display_settings       [   0.13538] Single Buffer requirement not met.
display  D   display_settings.c:214  debug_display_settings           [   0.13539] color: 16 (rgba 5650), depth: 24, stencil: 8, acc: 0000, samples: 0/0
display  D   display_settings.c:400  _al_score_display_settings       [   0.13540] Single Buffer requirement not met.
display  D   display_settings.c:214  debug_display_settings           [   0.13541] color: 16 (rgba 5650), depth: 24, stencil: 8, acc: 0000, samples: 0/0
display  D   display_settings.c:400  _al_score_display_settings       [   0.13542] Single Buffer requirement not met.
display  D   display_settings.c:214  debug_display_settings           [   0.13543] color: 16 (rgba 5650), depth: 24, stencil: 8, acc: 0000, samples: 2/1
display  D   display_settings.c:400  _al_score_display_settings       [   0.13544] Single Buffer requirement not met.
display  D   display_settings.c:214  debug_display_settings           [   0.13545] color: 16 (rgba 5650), depth: 24, stencil: 8, acc: 0000, samples: 3/1
display  D   display_settings.c:400  _al_score_display_settings       [   0.13546] Single Buffer requirement not met.
display  D   display_settings.c:214  debug_display_settings           [   0.13547] color: 16 (rgba 5650), depth: 24, stencil: 8, acc: 0000, samples: 4/1
display  D   display_settings.c:400  _al_score_display_settings       [   0.13548] Single Buffer requirement not met.
display  D   display_settings.c:214  debug_display_settings           [   0.13549] color: 16 (rgba 5650), depth: 24, stencil: 0, acc: 0000, samples: 0/0
display  D   display_settings.c:400  _al_score_display_settings       [   0.13552] Single Buffer requirement not met.
display  D   display_settings.c:214  debug_display_settings           [   0.13553] color: 16 (rgba 5650), depth: 24, stencil: 0, acc: 0000, samples: 0/0
display  D   display_settings.c:400  _al_score_display_settings       [   0.13554] Single Buffer requirement not met.
display  D   display_settings.c:214  debug_display_settings           [   0.13555] color: 16 (rgba 5650), depth: 24, stencil: 0, acc: 0000, samples: 2/1
display  D   display_settings.c:400  _al_score_display_settings       [   0.13556] Single Buffer requirement not met.
display  D   display_settings.c:214  debug_display_settings           [   0.13557] color: 16 (rgba 5650), depth: 24, stencil: 0, acc: 0000, samples: 3/1
display  D   display_settings.c:400  _al_score_display_settings       [   0.13558] Single Buffer requirement not met.
display  D   display_settings.c:214  debug_display_settings           [   0.13559] color: 16 (rgba 5650), depth: 24, stencil: 0, acc: 0000, samples: 4/1
display  D   display_settings.c:400  _al_score_display_settings       [   0.13560] Single Buffer requirement not met.
display  D   display_settings.c:214  debug_display_settings           [   0.13561] color: 16 (rgba 5650), depth: 16, stencil: 0, acc: 0000, samples: 0/0
display  D   display_settings.c:400  _al_score_display_settings       [   0.13561] Single Buffer requirement not met.
display  D   display_settings.c:214  debug_display_settings           [   0.13562] color: 16 (rgba 5650), depth: 16, stencil: 0, acc: 0000, samples: 0/0
display  D   display_settings.c:400  _al_score_display_settings       [   0.13563] Single Buffer requirement not met.
display  D   display_settings.c:214  debug_display_settings           [   0.13564] color: 16 (rgba 5650), depth: 16, stencil: 0, acc: 0000, samples: 2/1
display  D   display_settings.c:400  _al_score_display_settings       [   0.13565] Single Buffer requirement not met.
display  D   display_settings.c:214  debug_display_settings           [   0.13566] color: 16 (rgba 5650), depth: 16, stencil: 0, acc: 0000, samples: 3/1
display  D   display_settings.c:400  _al_score_display_settings       [   0.13567] Single Buffer requirement not met.
display  D   display_settings.c:214  debug_display_settings           [   0.13568] color: 16 (rgba 5650), depth: 16, stencil: 0, acc: 0000, samples: 4/1
display  D   display_settings.c:400  _al_score_display_settings       [   0.13569] Single Buffer requirement not met.
display  D   display_settings.c:214  debug_display_settings           [   0.13570] color: 32 (rgba 8880), depth: 0, stencil: 0, acc: 0000, samples: 0/0
display  D   display_settings.c:529  _al_score_display_settings       [   0.13571] Score is : 769
display  D   display_settings.c:214  debug_display_settings           [   0.13572] color: 32 (rgba 8880), depth: 0, stencil: 0, acc: 0000, samples: 0/0
display  D   display_settings.c:529  _al_score_display_settings       [   0.13573] Score is : 769
display  D   display_settings.c:214  debug_display_settings           [   0.13573] color: 32 (rgba 8880), depth: 0, stencil: 0, acc: 0000, samples: 2/1
display  D   display_settings.c:529  _al_score_display_settings       [   0.13574] Score is : 598
display  D   display_settings.c:214  debug_display_settings           [   0.13575] color: 32 (rgba 8880), depth: 0, stencil: 0, acc: 0000, samples: 3/1
display  D   display_settings.c:529  _al_score_display_settings       [   0.13576] Score is : 593
display  D   display_settings.c:214  debug_display_settings           [   0.13577] color: 32 (rgba 8880), depth: 0, stencil: 0, acc: 0000, samples: 4/1
display  D   display_settings.c:529  _al_score_display_settings       [   0.13578] Score is : 589
display  D   display_settings.c:214  debug_display_settings           [   0.13579] color: 32 (rgba 8880), depth: 24, stencil: 8, acc: 0000, samples: 0/0
display  D   display_settings.c:529  _al_score_display_settings       [   0.13580] Score is : 769
display  D   display_settings.c:214  debug_display_settings           [   0.13581] color: 32 (rgba 8880), depth: 24, stencil: 8, acc: 0000, samples: 0/0
display  D   display_settings.c:529  _al_score_display_settings       [   0.13582] Score is : 769
display  D   display_settings.c:214  debug_display_settings           [   0.13583] color: 32 (rgba 8880), depth: 24, stencil: 8, acc: 0000, samples: 2/1
display  D   display_settings.c:529  _al_score_display_settings       [   0.13584] Score is : 598
display  D   display_settings.c:214  debug_display_settings           [   0.13585] color: 32 (rgba 8880), depth: 24, stencil: 8, acc: 0000, samples: 3/1
display  D   display_settings.c:529  _al_score_display_settings       [   0.13586] Score is : 593
display  D   display_settings.c:214  debug_display_settings           [   0.13587] color: 32 (rgba 8880), depth: 24, stencil: 8, acc: 0000, samples: 4/1
display  D   display_settings.c:529  _al_score_display_settings       [   0.13588] Score is : 589
display  D   display_settings.c:214  debug_display_settings           [   0.13588] color: 32 (rgba 8880), depth: 24, stencil: 0, acc: 0000, samples: 0/0
display  D   display_settings.c:529  _al_score_display_settings       [   0.13589] Score is : 769
display  D   display_settings.c:214  debug_display_settings           [   0.13590] color: 32 (rgba 8880), depth: 24, stencil: 0, acc: 0000, samples: 0/0
display  D   display_settings.c:529  _al_score_display_settings       [   0.13591] Score is : 769
display  D   display_settings.c:214  debug_display_settings           [   0.13592] color: 32 (rgba 8880), depth: 24, stencil: 0, acc: 0000, samples: 2/1
display  D   display_settings.c:529  _al_score_display_settings       [   0.13593] Score is : 598
display  D   display_settings.c:214  debug_display_settings           [   0.13594] color: 32 (rgba 8880), depth: 24, stencil: 0, acc: 0000, samples: 3/1
display  D   display_settings.c:529  _al_score_display_settings       [   0.13595] Score is : 593
display  D   display_settings.c:214  debug_display_settings           [   0.13596] color: 32 (rgba 8880), depth: 24, stencil: 0, acc: 0000, samples: 4/1
display  D   display_settings.c:529  _al_score_display_settings       [   0.13597] Score is : 589
display  D   display_settings.c:214  debug_display_settings           [   0.13597] color: 32 (rgba 8880), depth: 16, stencil: 0, acc: 0000, samples: 0/0
display  D   display_settings.c:529  _al_score_display_settings       [   0.13598] Score is : 769
display  D   display_settings.c:214  debug_display_settings           [   0.13599] color: 32 (rgba 8880), depth: 16, stencil: 0, acc: 0000, samples: 0/0
display  D   display_settings.c:529  _al_score_display_settings       [   0.13600] Score is : 769
display  D   display_settings.c:214  debug_display_settings           [   0.13601] color: 32 (rgba 8880), depth: 16, stencil: 0, acc: 0000, samples: 2/1
display  D   display_settings.c:529  _al_score_display_settings       [   0.13602] Score is : 598
display  D   display_settings.c:214  debug_display_settings           [   0.13603] color: 32 (rgba 8880), depth: 16, stencil: 0, acc: 0000, samples: 3/1
display  D   display_settings.c:529  _al_score_display_settings       [   0.13604] Score is : 593
display  D   display_settings.c:214  debug_display_settings           [   0.13605] color: 32 (rgba 8880), depth: 16, stencil: 0, acc: 0000, samples: 4/1
display  D   display_settings.c:529  _al_score_display_settings       [   0.13606] Score is : 589
display  D   display_settings.c:214  debug_display_settings           [   0.13607] color: 16 (rgba 5650), depth: 0, stencil: 0, acc: 0000, samples: 0/0
display  D   display_settings.c:529  _al_score_display_settings       [   0.13608] Score is : 769
display  D   display_settings.c:214  debug_display_settings           [   0.13609] color: 16 (rgba 5650), depth: 0, stencil: 0, acc: 0000, samples: 0/0
display  D   display_settings.c:529  _al_score_display_settings       [   0.13610] Score is : 769
display  D   display_settings.c:214  debug_display_settings           [   0.13611] color: 16 (rgba 5650), depth: 0, stencil: 0, acc: 0000, samples: 2/1
display  D   display_settings.c:529  _al_score_display_settings       [   0.13612] Score is : 598
display  D   display_settings.c:214  debug_display_settings           [   0.13613] color: 16 (rgba 5650), depth: 0, stencil: 0, acc: 0000, samples: 3/1
display  D   display_settings.c:529  _al_score_display_settings       [   0.13614] Score is : 593
display  D   display_settings.c:214  debug_display_settings           [   0.13615] color: 16 (rgba 5650), depth: 0, stencil: 0, acc: 0000, samples: 4/1
display  D   display_settings.c:529  _al_score_display_settings       [   0.13616] Score is : 589
display  D   display_settings.c:214  debug_display_settings           [   0.13616] color: 16 (rgba 5650), depth: 24, stencil: 8, acc: 0000, samples: 0/0
display  D   display_settings.c:529  _al_score_display_settings       [   0.13617] Score is : 769
display  D   display_settings.c:214  debug_display_settings           [   0.13619] color: 16 (rgba 5650), depth: 24, stencil: 8, acc: 0000, samples: 0/0
display  D   display_settings.c:529  _al_score_display_settings       [   0.13621] Score is : 769
display  D   display_settings.c:214  debug_display_settings           [   0.13622] color: 16 (rgba 5650), depth: 24, stencil: 8, acc: 0000, samples: 2/1
display  D   display_settings.c:529  _al_score_display_settings       [   0.13623] Score is : 598
display  D   display_settings.c:214  debug_display_settings           [   0.13624] color: 16 (rgba 5650), depth: 24, stencil: 8, acc: 0000, samples: 3/1
display  D   display_settings.c:529  _al_score_display_settings       [   0.13625] Score is : 593
display  D   display_settings.c:214  debug_display_settings           [   0.13626] color: 16 (rgba 5650), depth: 24, stencil: 8, acc: 0000, samples: 4/1
display  D   display_settings.c:529  _al_score_display_settings       [   0.13627] Score is : 589
display  D   display_settings.c:214  debug_display_settings           [   0.13628] color: 16 (rgba 5650), depth: 24, stencil: 0, acc: 0000, samples: 0/0
display  D   display_settings.c:529  _al_score_display_settings       [   0.13629] Score is : 769
display  D   display_settings.c:214  debug_display_settings           [   0.13630] color: 16 (rgba 5650), depth: 24, stencil: 0, acc: 0000, samples: 0/0
display  D   display_settings.c:529  _al_score_display_settings       [   0.13631] Score is : 769
display  D   display_settings.c:214  debug_display_settings           [   0.13631] color: 16 (rgba 5650), depth: 24, stencil: 0, acc: 0000, samples: 2/1
display  D   display_settings.c:529  _al_score_display_settings       [   0.13632] Score is : 598
display  D   display_settings.c:214  debug_display_settings           [   0.13633] color: 16 (rgba 5650), depth: 24, stencil: 0, acc: 0000, samples: 3/1
display  D   display_settings.c:529  _al_score_display_settings       [   0.13634] Score is : 593
display  D   display_settings.c:214  debug_display_settings           [   0.13635] color: 16 (rgba 5650), depth: 24, stencil: 0, acc: 0000, samples: 4/1
display  D   display_settings.c:529  _al_score_display_settings       [   0.13636] Score is : 589
display  D   display_settings.c:214  debug_display_settings           [   0.13637] color: 16 (rgba 5650), depth: 16, stencil: 0, acc: 0000, samples: 0/0
display  D   display_settings.c:529  _al_score_display_settings       [   0.13638] Score is : 769
display  D   display_settings.c:214  debug_display_settings           [   0.13639] color: 16 (rgba 5650), depth: 16, stencil: 0, acc: 0000, samples: 0/0
display  D   display_settings.c:529  _al_score_display_settings       [   0.13640] Score is : 769
display  D   display_settings.c:214  debug_display_settings           [   0.13641] color: 16 (rgba 5650), depth: 16, stencil: 0, acc: 0000, samples: 2/1
display  D   display_settings.c:529  _al_score_display_settings       [   0.13642] Score is : 598
display  D   display_settings.c:214  debug_display_settings           [   0.13642] color: 16 (rgba 5650), depth: 16, stencil: 0, acc: 0000, samples: 3/1
display  D   display_settings.c:529  _al_score_display_settings       [   0.13644] Score is : 593
display  D   display_settings.c:214  debug_display_settings           [   0.13645] color: 16 (rgba 5650), depth: 16, stencil: 0, acc: 0000, samples: 4/1
display  D   display_settings.c:529  _al_score_display_settings       [   0.13646] Score is : 589
display  D   display_settings.c:214  debug_display_settings           [   0.13647] color: 32 (rgba 8880), depth: 0, stencil: 0, acc: 0000, samples: 0/0
display  D   display_settings.c:400  _al_score_display_settings       [   0.13648] Single Buffer requirement not met.
display  D   display_settings.c:214  debug_display_settings           [   0.13649] color: 32 (rgba 8880), depth: 0, stencil: 0, acc: 0000, samples: 0/0
display  D   display_settings.c:400  _al_score_display_settings       [   0.13650] Single Buffer requirement not met.
display  D   display_settings.c:214  debug_display_settings           [   0.13651] color: 32 (rgba 8880), depth: 0, stencil: 0, acc: 0000, samples: 2/1
display  D   display_settings.c:400  _al_score_display_settings       [   0.13653] Single Buffer requirement not met.
display  D   display_settings.c:214  debug_display_settings           [   0.13653] color: 32 (rgba 8880), depth: 0, stencil: 0, acc: 0000, samples: 3/1
display  D   display_settings.c:400  _al_score_display_settings       [   0.13654] Single Buffer requirement not met.
display  D   display_settings.c:214  debug_display_settings           [   0.13655] color: 32 (rgba 8880), depth: 0, stencil: 0, acc: 0000, samples: 4/1
display  D   display_settings.c:400  _al_score_display_settings       [   0.13656] Single Buffer requirement not met.
display  D   display_settings.c:214  debug_display_settings           [   0.13657] color: 32 (rgba 8880), depth: 24, stencil: 8, acc: 0000, samples: 0/0
display  D   display_settings.c:400  _al_score_display_settings       [   0.13658] Single Buffer requirement not met.
display  D   display_settings.c:214  debug_display_settings           [   0.13659] color: 32 (rgba 8880), depth: 24, stencil: 8, acc: 0000, samples: 0/0
display  D   display_settings.c:400  _al_score_display_settings       [   0.13660] Single Buffer requirement not met.
display  D   display_settings.c:214  debug_display_settings           [   0.13661] color: 32 (rgba 8880), depth: 24, stencil: 8, acc: 0000, samples: 2/1
display  D   display_settings.c:400  _al_score_display_settings       [   0.13662] Single Buffer requirement not met.
display  D   display_settings.c:214  debug_display_settings           [   0.13663] color: 32 (rgba 8880), depth: 24, stencil: 8, acc: 0000, samples: 3/1
display  D   display_settings.c:400  _al_score_display_settings       [   0.13664] Single Buffer requirement not met.
display  D   display_settings.c:214  debug_display_settings           [   0.13665] color: 32 (rgba 8880), depth: 24, stencil: 8, acc: 0000, samples: 4/1
display  D   display_settings.c:400  _al_score_display_settings       [   0.13666] Single Buffer requirement not met.
display  D   display_settings.c:214  debug_display_settings           [   0.13667] color: 32 (rgba 8880), depth: 24, stencil: 0, acc: 0000, samples: 0/0
display  D   display_settings.c:400  _al_score_display_settings       [   0.13668] Single Buffer requirement not met.
display  D   display_settings.c:214  debug_display_settings           [   0.13669] color: 32 (rgba 8880), depth: 24, stencil: 0, acc: 0000, samples: 0/0
display  D   display_settings.c:400  _al_score_display_settings       [   0.13670] Single Buffer requirement not met.
display  D   display_settings.c:214  debug_display_settings           [   0.13671] color: 32 (rgba 8880), depth: 24, stencil: 0, acc: 0000, samples: 2/1
display  D   display_settings.c:400  _al_score_display_settings       [   0.13672] Single Buffer requirement not met.
display  D   display_settings.c:214  debug_display_settings           [   0.13674] color: 32 (rgba 8880), depth: 24, stencil: 0, acc: 0000, samples: 3/1
display  D   display_settings.c:400  _al_score_display_settings       [   0.13675] Single Buffer requirement not met.
display  D   display_settings.c:214  debug_display_settings           [   0.13676] color: 32 (rgba 8880), depth: 24, stencil: 0, acc: 0000, samples: 4/1
display  D   display_settings.c:400  _al_score_display_settings       [   0.13677] Single Buffer requirement not met.
display  D   display_settings.c:214  debug_display_settings           [   0.13678] color: 32 (rgba 8880), depth: 16, stencil: 0, acc: 0000, samples: 0/0
display  D   display_settings.c:400  _al_score_display_settings       [   0.13679] Single Buffer requirement not met.
display  D   display_settings.c:214  debug_display_settings           [   0.13680] color: 32 (rgba 8880), depth: 16, stencil: 0, acc: 0000, samples: 0/0
display  D   display_settings.c:400  _al_score_display_settings       [   0.13681] Single Buffer requirement not met.
display  D   display_settings.c:214  debug_display_settings           [   0.13682] color: 32 (rgba 8880), depth: 16, stencil: 0, acc: 0000, samples: 2/1
display  D   display_settings.c:400  _al_score_display_settings       [   0.13683] Single Buffer requirement not met.
display  D   display_settings.c:214  debug_display_settings           [   0.13684] color: 32 (rgba 8880), depth: 16, stencil: 0, acc: 0000, samples: 3/1
display  D   display_settings.c:400  _al_score_display_settings       [   0.13686] Single Buffer requirement not met.
display  D   display_settings.c:214  debug_display_settings           [   0.13687] color: 32 (rgba 8880), depth: 16, stencil: 0, acc: 0000, samples: 4/1
display  D   display_settings.c:400  _al_score_display_settings       [   0.13688] Single Buffer requirement not met.
display  D   display_settings.c:214  debug_display_settings           [   0.13690] color: 16 (rgba 5650), depth: 0, stencil: 0, acc: 0000, samples: 0/0
display  D   display_settings.c:400  _al_score_display_settings       [   0.13691] Single Buffer requirement not met.
display  D   display_settings.c:214  debug_display_settings           [   0.13693] color: 16 (rgba 5650), depth: 0, stencil: 0, acc: 0000, samples: 0/0
display  D   display_settings.c:400  _al_score_display_settings       [   0.13694] Single Buffer requirement not met.
display  D   display_settings.c:214  debug_display_settings           [   0.13696] color: 16 (rgba 5650), depth: 0, stencil: 0, acc: 0000, samples: 2/1
display  D   display_settings.c:400  _al_score_display_settings       [   0.13697] Single Buffer requirement not met.
display  D   display_settings.c:214  debug_display_settings           [   0.13700] color: 16 (rgba 5650), depth: 0, stencil: 0, acc: 0000, samples: 3/1
display  D   display_settings.c:400  _al_score_display_settings       [   0.13702] Single Buffer requirement not met.
display  D   display_settings.c:214  debug_display_settings           [   0.13706] color: 16 (rgba 5650), depth: 0, stencil: 0, acc: 0000, samples: 4/1
display  D   display_settings.c:400  _al_score_display_settings       [   0.13709] Single Buffer requirement not met.
display  D   display_settings.c:214  debug_display_settings           [   0.13710] color: 16 (rgba 5650), depth: 24, stencil: 8, acc: 0000, samples: 0/0
display  D   display_settings.c:400  _al_score_display_settings       [   0.13717] Single Buffer requirement not met.
display  D   display_settings.c:214  debug_display_settings           [   0.13719] color: 16 (rgba 5650), depth: 24, stencil: 8, acc: 0000, samples: 0/0
display  D   display_settings.c:400  _al_score_display_settings       [   0.13720] Single Buffer requirement not met.
display  D   display_settings.c:214  debug_display_settings           [   0.13721] color: 16 (rgba 5650), depth: 24, stencil: 8, acc: 0000, samples: 2/1
display  D   display_settings.c:400  _al_score_display_settings       [   0.13723] Single Buffer requirement not met.
display  D   display_settings.c:214  debug_display_settings           [   0.13725] color: 16 (rgba 5650), depth: 24, stencil: 8, acc: 0000, samples: 3/1
display  D   display_settings.c:400  _al_score_display_settings       [   0.13727] Single Buffer requirement not met.
display  D   display_settings.c:214  debug_display_settings           [   0.13728] color: 16 (rgba 5650), depth: 24, stencil: 8, acc: 0000, samples: 4/1
display  D   display_settings.c:400  _al_score_display_settings       [   0.13730] Single Buffer requirement not met.
display  D   display_settings.c:214  debug_display_settings           [   0.13731] color: 16 (rgba 5650), depth: 24, stencil: 0, acc: 0000, samples: 0/0
display  D   display_settings.c:400  _al_score_display_settings       [   0.13732] Single Buffer requirement not met.
display  D   display_settings.c:214  debug_display_settings           [   0.13734] color: 16 (rgba 5650), depth: 24, stencil: 0, acc: 0000, samples: 0/0
display  D   display_settings.c:400  _al_score_display_settings       [   0.13737] Single Buffer requirement not met.
display  D   display_settings.c:214  debug_display_settings           [   0.13738] color: 16 (rgba 5650), depth: 24, stencil: 0, acc: 0000, samples: 2/1
display  D   display_settings.c:400  _al_score_display_settings       [   0.13740] Single Buffer requirement not met.
display  D   display_settings.c:214  debug_display_settings           [   0.13741] color: 16 (rgba 5650), depth: 24, stencil: 0, acc: 0000, samples: 3/1
display  D   display_settings.c:400  _al_score_display_settings       [   0.13743] Single Buffer requirement not met.
display  D   display_settings.c:214  debug_display_settings           [   0.13744] color: 16 (rgba 5650), depth: 24, stencil: 0, acc: 0000, samples: 4/1
display  D   display_settings.c:400  _al_score_display_settings       [   0.13745] Single Buffer requirement not met.
display  D   display_settings.c:214  debug_display_settings           [   0.13747] color: 16 (rgba 5650), depth: 16, stencil: 0, acc: 0000, samples: 0/0
display  D   display_settings.c:400  _al_score_display_settings       [   0.13748] Single Buffer requirement not met.
display  D   display_settings.c:214  debug_display_settings           [   0.13749] color: 16 (rgba 5650), depth: 16, stencil: 0, acc: 0000, samples: 0/0
display  D   display_settings.c:400  _al_score_display_settings       [   0.13750] Single Buffer requirement not met.
display  D   display_settings.c:214  debug_display_settings           [   0.13751] color: 16 (rgba 5650), depth: 16, stencil: 0, acc: 0000, samples: 2/1
display  D   display_settings.c:400  _al_score_display_settings       [   0.13753] Single Buffer requirement not met.
display  D   display_settings.c:214  debug_display_settings           [   0.13755] color: 16 (rgba 5650), depth: 16, stencil: 0, acc: 0000, samples: 3/1
display  D   display_settings.c:400  _al_score_display_settings       [   0.13756] Single Buffer requirement not met.
display  D   display_settings.c:214  debug_display_settings           [   0.13757] color: 16 (rgba 5650), depth: 16, stencil: 0, acc: 0000, samples: 4/1
display  D   display_settings.c:400  _al_score_display_settings       [   0.13759] Single Buffer requirement not met.
d3d      D         d3d_disp.cpp:1677 d3d_create_display_internals     [   0.13763] Trying format 0.
d3d      I         d3d_disp.cpp:1353 d3d_display_thread_proc          [   0.13792] Chose a display format: 23
d3d      I         d3d_disp.cpp:1422 d3d_display_thread_proc          [   0.13799] Normal window.
d3d      I         d3d_disp.cpp:786  d3d_create_device                [   0.18760] Using no depth stencil buffer
d3d      D         d3d_disp.cpp:848  d3d_create_device                [   0.27011] BeginScene succeeded in create_device
d3d      D         d3d_disp.cpp:856  d3d_create_device                [   0.27015] Success
d3d      D         d3d_disp.cpp:1703 d3d_create_display_internals     [   0.27018] Resumed after wait.
d3d      I         d3d_disp.cpp:1736 d3d_create_display_internals     [   0.27023] Format 0 succeeded.
d3d      D         d3d_disp.cpp:1767 d3d_create_display_internals     [   0.27025] Returning d3d_display: 00000217764fe7b0
d3d      D         d3d_disp.cpp:1792 d3d_create_display_locked        [   0.27026] al_display=00000217764fe7b0
d3d      D         d3d_disp.cpp:1793 d3d_create_display_locked        [   0.27028] al_display->vt=00000217764fdea0
system   D            wsystem.c:889  _al_win_safe_load_library        [   0.27052] PathFindOnPath found: C:\WINDOWS\system32\d3dx9_43.dll
system   D            wsystem.c:795  load_library_at_path             [   0.27054] Calling LoadLibrary C:\WINDOWS\system32\d3dx9_43.dll
system   I            wsystem.c:798  load_library_at_path             [   0.27085] Loaded C:\WINDOWS\system32\d3dx9_43.dll
d3dx9    I        d3d_d3dx9.cpp:88   _imp_load_d3dx9_module_version   [   0.27087] Module "d3dx9_43.dll" loaded.
dtor     D               dtor.c:196  _al_register_destructor          [   0.27091] added dtor for queue 0000021777db5690, func 00007ffd6dd4cc4e
dtor     D               dtor.c:196  _al_register_destructor          [   0.27641] added dtor for timer 0000021777db63a0, func 00007ffd6dd60dc2
stdio    D         file_stdio.c:110  file_stdio_fopen                 [   0.27646] opening ./image/icon.jpg rb
stdio    D         file_stdio.c:110  file_stdio_fopen                 [   0.27664] opening ./image/icon.jpg rb
d3d      D         d3d_disp.cpp:1197 real_choose_bitmap_format        [   0.27685] Fake format
d3d      D         d3d_disp.cpp:1197 real_choose_bitmap_format        [   0.27690] Fake format
d3d      D         d3d_disp.cpp:1197 real_choose_bitmap_format        [   0.27692] Fake format
d3d      D         d3d_disp.cpp:1197 real_choose_bitmap_format        [   0.27693] Fake format
d3d      D         d3d_disp.cpp:1197 real_choose_bitmap_format        [   0.27694] Fake format
d3d      D         d3d_disp.cpp:1197 real_choose_bitmap_format        [   0.27696] Fake format
d3d      D         d3d_disp.cpp:1197 real_choose_bitmap_format        [   0.27697] Fake format
d3d      D         d3d_disp.cpp:1197 real_choose_bitmap_format        [   0.27698] Fake format
d3d      D         d3d_disp.cpp:1197 real_choose_bitmap_format        [   0.27699] Fake format
d3d      D         d3d_disp.cpp:1205 real_choose_bitmap_format        [   0.27700] Alpha doesn't match
d3d      D         d3d_disp.cpp:1212 real_choose_bitmap_format        [   0.27702] Adapter format is 23
d3d      D         d3d_disp.cpp:1215 real_choose_bitmap_format        [   0.27703] Found a format
d3d      I         d3d_disp.cpp:2388 d3d_create_bitmap                [   0.27705] Chose bitmap format 9
dtor     D               dtor.c:196  _al_register_destructor          [   0.27775] added dtor for bitmap 0000021777dc02e0, func 00007ffd6dd21bf8
d3d      D         d3d_disp.cpp:1197 real_choose_bitmap_format        [   0.27916] Fake format
d3d      D         d3d_disp.cpp:1197 real_choose_bitmap_format        [   0.27919] Fake format
d3d      D         d3d_disp.cpp:1197 real_choose_bitmap_format        [   0.27919] Fake format
d3d      D         d3d_disp.cpp:1197 real_choose_bitmap_format        [   0.27920] Fake format
d3d      D         d3d_disp.cpp:1197 real_choose_bitmap_format        [   0.27921] Fake format
d3d      D         d3d_disp.cpp:1197 real_choose_bitmap_format        [   0.27923] Fake format
d3d      D         d3d_disp.cpp:1197 real_choose_bitmap_format        [   0.27924] Fake format
d3d      D         d3d_disp.cpp:1197 real_choose_bitmap_format        [   0.27924] Fake format
d3d      D         d3d_disp.cpp:1197 real_choose_bitmap_format        [   0.27925] Fake format
d3d      D         d3d_disp.cpp:1205 real_choose_bitmap_format        [   0.27926] Alpha doesn't match
d3d      D         d3d_disp.cpp:1212 real_choose_bitmap_format        [   0.27927] Adapter format is 23
d3d      D         d3d_disp.cpp:1215 real_choose_bitmap_format        [   0.27928] Found a format
d3d      I         d3d_disp.cpp:2388 d3d_create_bitmap                [   0.27929] Chose bitmap format 9
dtor     D               dtor.c:196  _al_register_destructor          [   0.27993] added dtor for bitmap 0000021777e4f430, func 00007ffd6dd21bf8
d3d      D          d3d_bmp.cpp:539  _al_d3d_sync_bitmap              [   0.28203] _al_d3d_sync_bitmap (system) ref count == 1
d3d      D          d3d_bmp.cpp:545  _al_d3d_sync_bitmap              [   0.28207] _al_d3d_sync_bitmap (video) ref count == 1
dtor     D               dtor.c:227  _al_unregister_destructor        [   0.28604] removed dtor for bitmap 0000021777e4f430
d3d      D         d3d_disp.cpp:1197 real_choose_bitmap_format        [   0.28641] Fake format
d3d      D         d3d_disp.cpp:1197 real_choose_bitmap_format        [   0.28643] Fake format
d3d      D         d3d_disp.cpp:1197 real_choose_bitmap_format        [   0.28645] Fake format
d3d      D         d3d_disp.cpp:1197 real_choose_bitmap_format        [   0.28646] Fake format
d3d      D         d3d_disp.cpp:1197 real_choose_bitmap_format        [   0.28647] Fake format
d3d      D         d3d_disp.cpp:1197 real_choose_bitmap_format        [   0.28648] Fake format
d3d      D         d3d_disp.cpp:1197 real_choose_bitmap_format        [   0.28649] Fake format
d3d      D         d3d_disp.cpp:1197 real_choose_bitmap_format        [   0.28649] Fake format
d3d      D         d3d_disp.cpp:1197 real_choose_bitmap_format        [   0.28650] Fake format
d3d      D         d3d_disp.cpp:1205 real_choose_bitmap_format        [   0.28651] Alpha doesn't match
d3d      D         d3d_disp.cpp:1212 real_choose_bitmap_format        [   0.28652] Adapter format is 23
d3d      D         d3d_disp.cpp:1215 real_choose_bitmap_format        [   0.28653] Found a format
d3d      I         d3d_disp.cpp:2388 d3d_create_bitmap                [   0.28654] Chose bitmap format 9
dtor     D               dtor.c:196  _al_register_destructor          [   0.28677] added dtor for bitmap 0000021777e4f430, func 00007ffd6dd21bf8
d3d      D          d3d_bmp.cpp:539  _al_d3d_sync_bitmap              [   0.29256] _al_d3d_sync_bitmap (system) ref count == 1
d3d      D          d3d_bmp.cpp:545  _al_d3d_sync_bitmap              [   0.29261] _al_d3d_sync_bitmap (video) ref count == 1
dtor     D               dtor.c:227  _al_unregister_destructor        [   0.29426] removed dtor for bitmap 0000021777e4f430
stdio    D         file_stdio.c:110  file_stdio_fopen                 [   0.29443] opening ./sound/hello.wav rb
stdio    D         file_stdio.c:110  file_stdio_fopen                 [   0.29458] opening ./sound/hello.wav rb
wav      E                wav.c:121  wav_open                         [   0.29462] Bad RIFF type.
dtor     D               dtor.c:196  _al_register_destructor          [   0.29465] added dtor for sample 0000021777db31d0, func 00007ffd6de81b08
audio-dsound D           dsound.cpp:322  _dsound_allocate_voice           [   0.30563] Allocating voice
audio-dsound D           dsound.cpp:381  _dsound_allocate_voice           [   0.30571] Allocated voice
dtor     D               dtor.c:196  _al_register_destructor          [   0.30573] added dtor for voice 0000021777e4f430, func 00007ffd6de85312
dtor     D               dtor.c:196  _al_register_destructor          [   0.30575] added dtor for mixer 0000021777e4f570, func 00007ffd6de8050f
audio-dsound D           dsound.cpp:477  _dsound_start_voice              [   0.30576] Starting voice
audio-dsound D           dsound.cpp:505  _dsound_start_voice              [   0.30577] CreateSoundBuffer
audio-dsound D           dsound.cpp:513  _dsound_start_voice              [   0.37872] CreateSoundBuffer succeeded
audio-dsound D           dsound.cpp:519  _dsound_start_voice              [   0.37876] Starting _dsound_update thread
audio-dsound I           dsound.cpp:529  _dsound_start_voice              [   0.37882] Voice started
dtor     D               dtor.c:196  _al_register_destructor          [   0.37884] added dtor for sample_instance 0000021777e4faa0, func 00007ffd6de790dc
audio    D          kcm_mixer.c:121  _al_rechannel_matrix             [   0.37886] sample matrix:
audio    D          kcm_mixer.c:127  _al_rechannel_matrix             [   0.37887] 
audio    D          kcm_mixer.c:127  _al_rechannel_matrix             [   0.37889] 
dtor     D               dtor.c:196  _al_register_destructor          [   0.37890] added dtor for sample_instance 0000021777e4fbc0, func 00007ffd6de790dc
audio    D          kcm_mixer.c:121  _al_rechannel_matrix             [   0.37891] sample matrix:
audio    D          kcm_mixer.c:127  _al_rechannel_matrix             [   0.37892] 
audio    D          kcm_mixer.c:127  _al_rechannel_matrix             [   0.37893] 
dtor     D               dtor.c:196  _al_register_destructor          [   0.37894] added dtor for sample_instance 0000021777e4fce0, func 00007ffd6de790dc
audio    D          kcm_mixer.c:121  _al_rechannel_matrix             [   0.37895] sample matrix:
audio    D          kcm_mixer.c:127  _al_rechannel_matrix             [   0.37896] 
audio    D          kcm_mixer.c:127  _al_rechannel_matrix             [   0.37896] 
dtor     D               dtor.c:196  _al_register_destructor          [   0.37897] added dtor for sample_instance 0000021777db7460, func 00007ffd6de790dc
audio    D          kcm_mixer.c:121  _al_rechannel_matrix             [   0.37898] sample matrix:
audio    D          kcm_mixer.c:127  _al_rechannel_matrix             [   0.37899] 
audio    D          kcm_mixer.c:127  _al_rechannel_matrix             [   0.37900] 
dtor     D               dtor.c:196  _al_register_destructor          [   0.37901] added dtor for sample_instance 0000021777db7870, func 00007ffd6de790dc
audio    D          kcm_mixer.c:121  _al_rechannel_matrix             [   0.37902] sample matrix:
audio    D          kcm_mixer.c:127  _al_rechannel_matrix             [   0.37903] 
audio    D          kcm_mixer.c:127  _al_rechannel_matrix             [   0.37903] 
dtor     D               dtor.c:196  _al_register_destructor          [   0.37904] added dtor for sample_instance 0000021777db7990, func 00007ffd6de790dc
audio    D          kcm_mixer.c:121  _al_rechannel_matrix             [   0.37905] sample matrix:
audio    D          kcm_mixer.c:127  _al_rechannel_matrix             [   0.37906] 
audio    D          kcm_mixer.c:127  _al_rechannel_matrix             [   0.37907] 
dtor     D               dtor.c:196  _al_register_destructor          [   0.37908] added dtor for sample_instance 0000021777e4f7b0, func 00007ffd6de790dc
audio    D          kcm_mixer.c:121  _al_rechannel_matrix             [   0.37915] sample matrix:
audio    D          kcm_mixer.c:127  _al_rechannel_matrix             [   0.37916] 
audio    D          kcm_mixer.c:127  _al_rechannel_matrix             [   0.37917] 
dtor     D               dtor.c:196  _al_register_destructor          [   0.37918] added dtor for sample_instance 0000021777e4f8d0, func 00007ffd6de790dc
audio    D          kcm_mixer.c:121  _al_rechannel_matrix             [   0.37919] sample matrix:
audio    D          kcm_mixer.c:127  _al_rechannel_matrix             [   0.37920] 
audio    D          kcm_mixer.c:127  _al_rechannel_matrix             [   0.37921] 
dtor     D               dtor.c:196  _al_register_destructor          [   0.37923] added dtor for sample_instance 0000021777dbcad0, func 00007ffd6de790dc
audio    D          kcm_mixer.c:121  _al_rechannel_matrix             [   0.37924] sample matrix:
audio    D          kcm_mixer.c:127  _al_rechannel_matrix             [   0.37925] 
audio    D          kcm_mixer.c:127  _al_rechannel_matrix             [   0.37926] 
dtor     D               dtor.c:196  _al_register_destructor          [   0.37927] added dtor for sample_instance 0000021777dbcbf0, func 00007ffd6de790dc
audio    D          kcm_mixer.c:121  _al_rechannel_matrix             [   0.37927] sample matrix:
audio    D          kcm_mixer.c:127  _al_rechannel_matrix             [   0.37929] 
audio    D          kcm_mixer.c:127  _al_rechannel_matrix             [   0.37929] 
dtor     D               dtor.c:196  _al_register_destructor          [   0.37930] added dtor for sample_instance 0000021777dbcd10, func 00007ffd6de790dc
audio    D          kcm_mixer.c:121  _al_rechannel_matrix             [   0.37931] sample matrix:
audio    D          kcm_mixer.c:127  _al_rechannel_matrix             [   0.37932] 
audio    D          kcm_mixer.c:127  _al_rechannel_matrix             [   0.37933] 
dtor     D               dtor.c:196  _al_register_destructor          [   0.37934] added dtor for sample_instance 0000021777dbce30, func 00007ffd6de790dc
audio    D          kcm_mixer.c:121  _al_rechannel_matrix             [   0.37935] sample matrix:
audio    D          kcm_mixer.c:127  _al_rechannel_matrix             [   0.37936] 
audio    D          kcm_mixer.c:127  _al_rechannel_matrix             [   0.37937] 
dtor     D               dtor.c:196  _al_register_destructor          [   0.37938] added dtor for sample_instance 0000021777dbcf50, func 00007ffd6de790dc
audio    D          kcm_mixer.c:121  _al_rechannel_matrix             [   0.37938] sample matrix:
audio    D          kcm_mixer.c:127  _al_rechannel_matrix             [   0.37939] 
audio    D          kcm_mixer.c:127  _al_rechannel_matrix             [   0.37940] 
dtor     D               dtor.c:196  _al_register_destructor          [   0.37941] added dtor for sample_instance 0000021777dbd070, func 00007ffd6de790dc
audio    D          kcm_mixer.c:121  _al_rechannel_matrix             [   0.37942] sample matrix:
audio    D          kcm_mixer.c:127  _al_rechannel_matrix             [   0.37943] 
audio    D          kcm_mixer.c:127  _al_rechannel_matrix             [   0.37943] 
dtor     D               dtor.c:196  _al_register_destructor          [   0.37944] added dtor for sample_instance 0000021777dbd190, func 00007ffd6de790dc
audio    D          kcm_mixer.c:121  _al_rechannel_matrix             [   0.37945] sample matrix:
audio    D          kcm_mixer.c:127  _al_rechannel_matrix             [   0.37946] 
audio    D          kcm_mixer.c:127  _al_rechannel_matrix             [   0.37947] 
dtor     D               dtor.c:196  _al_register_destructor          [   0.37949] added dtor for sample_instance 0000021777dbdc00, func 00007ffd6de790dc
audio    D          kcm_mixer.c:121  _al_rechannel_matrix             [   0.37950] sample matrix:
audio    D          kcm_mixer.c:127  _al_rechannel_matrix             [   0.37951] 
audio    D          kcm_mixer.c:127  _al_rechannel_matrix             [   0.37952] 
dtor     D               dtor.c:196  _al_register_destructor          [   0.37953] added dtor for sample_instance 0000021777dbe080, func 00007ffd6de790dc
audio    D          kcm_mixer.c:121  _al_rechannel_matrix             [   0.37954] sample matrix:
audio    D          kcm_mixer.c:127  _al_rechannel_matrix             [   0.37955] 
audio    D          kcm_mixer.c:127  _al_rechannel_matrix             [   0.37955] 
dtor     D               dtor.c:196  _al_register_destructor          [   0.37956] added dtor for sample_instance 0000021777dbd8a0, func 00007ffd6de790dc
audio    D          kcm_mixer.c:121  _al_rechannel_matrix             [   0.37957] sample matrix:
audio    D          kcm_mixer.c:127  _al_rechannel_matrix             [   0.37958] 
audio    D          kcm_mixer.c:127  _al_rechannel_matrix             [   0.37959] 
dtor     D               dtor.c:196  _al_register_destructor          [   0.37959] added dtor for sample_instance 0000021777dbd660, func 00007ffd6de790dc
audio    D          kcm_mixer.c:121  _al_rechannel_matrix             [   0.37960] sample matrix:
audio    D          kcm_mixer.c:127  _al_rechannel_matrix             [   0.37961] 
audio    D          kcm_mixer.c:127  _al_rechannel_matrix             [   0.37962] 
dtor     D               dtor.c:196  _al_register_destructor          [   0.37963] added dtor for sample_instance 0000021777dbd420, func 00007ffd6de790dc
audio    D          kcm_mixer.c:121  _al_rechannel_matrix             [   0.37964] sample matrix:
audio    D          kcm_mixer.c:127  _al_rechannel_matrix             [   0.37965] 
audio    D          kcm_mixer.c:127  _al_rechannel_matrix             [   0.37965] 
dtor     D               dtor.c:196  _al_register_destructor          [   0.37966] added dtor for sample_instance 0000021777dbd780, func 00007ffd6de790dc
audio-dsound D           dsound.cpp:539  _dsound_stop_voice               [   0.37967] Stopping voice
audio-dsound D           dsound.cpp:556  _dsound_stop_voice               [   0.37968] Joining thread
audio-dsound D           dsound.cpp:562  _dsound_stop_voice               [   0.42363] Joined thread
audio-dsound D           dsound.cpp:564  _dsound_stop_voice               [   0.42367] Destroying thread
audio-dsound D           dsound.cpp:566  _dsound_stop_voice               [   0.42368] Thread destroyed
audio-dsound D           dsound.cpp:573  _dsound_stop_voice               [   0.42369] Releasing buffer
audio-dsound I           dsound.cpp:577  _dsound_stop_voice               [   0.42370] Voice stopped
audio-dsound D           dsound.cpp:477  _dsound_start_voice              [   0.42371] Starting voice
audio-dsound D           dsound.cpp:505  _dsound_start_voice              [   0.42372] CreateSoundBuffer
audio-dsound D           dsound.cpp:513  _dsound_start_voice              [   0.42378] CreateSoundBuffer succeeded
audio-dsound D           dsound.cpp:519  _dsound_start_voice              [   0.42379] Starting _dsound_update thread
audio-dsound I           dsound.cpp:529  _dsound_start_voice              [   0.42384] Voice started
audio    D          kcm_mixer.c:121  _al_rechannel_matrix             [   0.42385] sample matrix:
audio    D          kcm_mixer.c:127  _al_rechannel_matrix             [   0.42386]  0.707107 0.000000
audio    D          kcm_mixer.c:127  _al_rechannel_matrix             [   0.42387]  0.000000 0.707107
stdio    D         file_stdio.c:110  file_stdio_fopen                 [   0.42391] opening ./font/pirulen.ttf rb
font     D                ttf.c:973  al_load_ttf_font_stretch_f       [   0.42422] Font ./font/pirulen.ttf loaded with pixel size 0 x 12.
font     D                ttf.c:975  al_load_ttf_font_stretch_f       [   0.42424]     ascent=12.0, descent=-3.0, height=14.0
dtor     D               dtor.c:196  _al_register_destructor          [   0.42425] added dtor for ttf_font 000002177f6adde0, func 00007ffd6de74170
d3d      D         d3d_disp.cpp:1197 real_choose_bitmap_format        [   0.45738] Fake format
d3d      D         d3d_disp.cpp:1197 real_choose_bitmap_format        [   0.45741] Fake format
d3d      D         d3d_disp.cpp:1197 real_choose_bitmap_format        [   0.45742] Fake format
d3d      D         d3d_disp.cpp:1197 real_choose_bitmap_format        [   0.45743] Fake format
d3d      D         d3d_disp.cpp:1197 real_choose_bitmap_format        [   0.45744] Fake format
d3d      D         d3d_disp.cpp:1197 real_choose_bitmap_format        [   0.45745] Fake format
d3d      D         d3d_disp.cpp:1197 real_choose_bitmap_format        [   0.45746] Fake format
d3d      D         d3d_disp.cpp:1197 real_choose_bitmap_format        [   0.45746] Fake format
d3d      D         d3d_disp.cpp:1197 real_choose_bitmap_format        [   0.45747] Fake format
d3d      D         d3d_disp.cpp:1205 real_choose_bitmap_format        [   0.45748] Alpha doesn't match
d3d      D         d3d_disp.cpp:1212 real_choose_bitmap_format        [   0.45749] Adapter format is 23
d3d      D         d3d_disp.cpp:1215 real_choose_bitmap_format        [   0.45750] Found a format
d3d      I         d3d_disp.cpp:2388 d3d_create_bitmap                [   0.45751] Chose bitmap format 9
font     D                ttf.c:243  alloc_glyph_region               [   0.45799] Glyph 50: 15x13 (16x16)
font     D                ttf.c:287  alloc_glyph_region               [   0.45801] Locking glyph region: 000002177f6bd550 0 0 16 16
font     D                ttf.c:167  unlock_current_page              [   0.45808] Unlocking page: 000002177f6bd550
font     D                ttf.c:243  alloc_glyph_region               [   0.45818] Glyph 84: 15x13 (16x16)
font     D                ttf.c:287  alloc_glyph_region               [   0.45819] Locking glyph region: 000002177f6bd550 16 0 16 16
font     D                ttf.c:167  unlock_current_page              [   0.45827] Unlocking page: 000002177f6bd550
font     D                ttf.c:243  alloc_glyph_region               [   0.45834] Glyph 71: 14x13 (16x16)
font     D                ttf.c:287  alloc_glyph_region               [   0.45835] Locking glyph region: 000002177f6bd550 32 0 16 16
font     D                ttf.c:167  unlock_current_page              [   0.45841] Unlocking page: 000002177f6bd550
font     D                ttf.c:243  alloc_glyph_region               [   0.45848] Glyph 85: 15x13 (16x16)
font     D                ttf.c:287  alloc_glyph_region               [   0.45849] Locking glyph region: 000002177f6bd550 48 0 16 16
font     D                ttf.c:167  unlock_current_page              [   0.45856] Unlocking page: 000002177f6bd550
font     D                ttf.c:471  cache_glyph                      [   0.45857] Glyph 2 has zero size.
font     D                ttf.c:243  alloc_glyph_region               [   0.45860] Glyph 9: 7x7 (8x8)
font     D                ttf.c:287  alloc_glyph_region               [   0.45861] Locking glyph region: 000002177f6bd550 64 0 8 8
font     D                ttf.c:167  unlock_current_page              [   0.45862] Unlocking page: 000002177f6bd550
font     D                ttf.c:243  alloc_glyph_region               [   0.45867] Glyph 39: 14x13 (16x16)
font     D                ttf.c:287  alloc_glyph_region               [   0.45868] Locking glyph region: 000002177f6bd550 72 0 16 16
font     D                ttf.c:167  unlock_current_page              [   0.45869] Unlocking page: 000002177f6bd550
font     D                ttf.c:243  alloc_glyph_region               [   0.45874] Glyph 80: 16x13 (16x16)
font     D                ttf.c:287  alloc_glyph_region               [   0.45875] Locking glyph region: 000002177f6bd550 88 0 16 16
font     D                ttf.c:167  unlock_current_page              [   0.45876] Unlocking page: 000002177f6bd550
font     D                ttf.c:243  alloc_glyph_region               [   0.45880] Glyph 86: 15x13 (16x16)
font     D                ttf.c:287  alloc_glyph_region               [   0.45881] Locking glyph region: 000002177f6bd550 104 0 16 16
font     D                ttf.c:167  unlock_current_page              [   0.45882] Unlocking page: 000002177f6bd550
font     D                ttf.c:243  alloc_glyph_region               [   0.45888] Glyph 81: 16x13 (16x16)
font     D                ttf.c:287  alloc_glyph_region               [   0.45889] Locking glyph region: 000002177f6bd550 120 0 16 16
font     D                ttf.c:167  unlock_current_page              [   0.45891] Unlocking page: 000002177f6bd550
font     D                ttf.c:243  alloc_glyph_region               [   0.45895] Glyph 67: 17x13 (20x16)
font     D                ttf.c:287  alloc_glyph_region               [   0.45896] Locking glyph region: 000002177f6bd550 136 0 20 16
font     D                ttf.c:167  unlock_current_page              [   0.45897] Unlocking page: 000002177f6bd550
d3d      D          d3d_bmp.cpp:539  _al_d3d_sync_bitmap              [   0.46648] _al_d3d_sync_bitmap (system) ref count == 1
d3d      D          d3d_bmp.cpp:545  _al_d3d_sync_bitmap              [   0.46654] _al_d3d_sync_bitmap (video) ref count == 1
d3d      D          d3d_bmp.cpp:539  _al_d3d_sync_bitmap              [   0.46745] _al_d3d_sync_bitmap (system) ref count == 1
d3d      D          d3d_bmp.cpp:545  _al_d3d_sync_bitmap              [   0.46749] _al_d3d_sync_bitmap (video) ref count == 1
dtor     D               dtor.c:227  _al_unregister_destructor        [   1.72419] removed dtor for ttf_font 000002177f6adde0
stdio    D         file_stdio.c:110  file_stdio_fopen                 [   1.72432] opening ./image/char_move1.png rb
stdio    D         file_stdio.c:110  file_stdio_fopen                 [   1.72445] opening ./image/char_move1.png rb
d3d      D         d3d_disp.cpp:1197 real_choose_bitmap_format        [   1.72455] Fake format
d3d      D         d3d_disp.cpp:1197 real_choose_bitmap_format        [   1.72456] Fake format
d3d      D         d3d_disp.cpp:1197 real_choose_bitmap_format        [   1.72461] Fake format
d3d      D         d3d_disp.cpp:1197 real_choose_bitmap_format        [   1.72462] Fake format
d3d      D         d3d_disp.cpp:1197 real_choose_bitmap_format        [   1.72463] Fake format
d3d      D         d3d_disp.cpp:1197 real_choose_bitmap_format        [   1.72464] Fake format
d3d      D         d3d_disp.cpp:1197 real_choose_bitmap_format        [   1.72465] Fake format
d3d      D         d3d_disp.cpp:1197 real_choose_bitmap_format        [   1.72465] Fake format
d3d      D         d3d_disp.cpp:1197 real_choose_bitmap_format        [   1.72466] Fake format
d3d      D         d3d_disp.cpp:1205 real_choose_bitmap_format        [   1.72467] Alpha doesn't match
d3d      D         d3d_disp.cpp:1212 real_choose_bitmap_format        [   1.72468] Adapter format is 23
d3d      D         d3d_disp.cpp:1215 real_choose_bitmap_format        [   1.72469] Found a format
d3d      I         d3d_disp.cpp:2388 d3d_create_bitmap                [   1.72470] Chose bitmap format 9
dtor     D               dtor.c:196  _al_register_destructor          [   1.72517] added dtor for bitmap 0000021777dbb2d0, func 00007ffd6dd21bf8
stdio    D         file_stdio.c:110  file_stdio_fopen                 [   1.72671] opening ./image/char_move2.png rb
stdio    D         file_stdio.c:110  file_stdio_fopen                 [   1.72681] opening ./image/char_move2.png rb
d3d      D         d3d_disp.cpp:1197 real_choose_bitmap_format        [   1.72685] Fake format
d3d      D         d3d_disp.cpp:1197 real_choose_bitmap_format        [   1.72686] Fake format
d3d      D         d3d_disp.cpp:1197 real_choose_bitmap_format        [   1.72687] Fake format
d3d      D         d3d_disp.cpp:1197 real_choose_bitmap_format        [   1.72688] Fake format
d3d      D         d3d_disp.cpp:1197 real_choose_bitmap_format        [   1.72689] Fake format
d3d      D         d3d_disp.cpp:1197 real_choose_bitmap_format        [   1.72690] Fake format
d3d      D         d3d_disp.cpp:1197 real_choose_bitmap_format        [   1.72690] Fake format
d3d      D         d3d_disp.cpp:1197 real_choose_bitmap_format        [   1.72691] Fake format
d3d      D         d3d_disp.cpp:1197 real_choose_bitmap_format        [   1.72692] Fake format
d3d      D         d3d_disp.cpp:1205 real_choose_bitmap_format        [   1.72693] Alpha doesn't match
d3d      D         d3d_disp.cpp:1212 real_choose_bitmap_format        [   1.72693] Adapter format is 23
d3d      D         d3d_disp.cpp:1215 real_choose_bitmap_format        [   1.72694] Found a format
d3d      I         d3d_disp.cpp:2388 d3d_create_bitmap                [   1.72695] Chose bitmap format 9
dtor     D               dtor.c:196  _al_register_destructor          [   1.72725] added dtor for bitmap 0000021777dbb490, func 00007ffd6dd21bf8
stdio    D         file_stdio.c:110  file_stdio_fopen                 [   1.72886] opening ./image/char_atk1.png rb
stdio    D         file_stdio.c:110  file_stdio_fopen                 [   1.72894] opening ./image/char_atk1.png rb
d3d      D         d3d_disp.cpp:1197 real_choose_bitmap_format        [   1.72899] Fake format
d3d      D         d3d_disp.cpp:1197 real_choose_bitmap_format        [   1.72900] Fake format
d3d      D         d3d_disp.cpp:1197 real_choose_bitmap_format        [   1.72901] Fake format
d3d      D         d3d_disp.cpp:1197 real_choose_bitmap_format        [   1.72902] Fake format
d3d      D         d3d_disp.cpp:1197 real_choose_bitmap_format        [   1.72902] Fake format
d3d      D         d3d_disp.cpp:1197 real_choose_bitmap_format        [   1.72903] Fake format
d3d      D         d3d_disp.cpp:1197 real_choose_bitmap_format        [   1.72904] Fake format
d3d      D         d3d_disp.cpp:1197 real_choose_bitmap_format        [   1.72905] Fake format
d3d      D         d3d_disp.cpp:1197 real_choose_bitmap_format        [   1.72906] Fake format
d3d      D         d3d_disp.cpp:1205 real_choose_bitmap_format        [   1.72906] Alpha doesn't match
d3d      D         d3d_disp.cpp:1212 real_choose_bitmap_format        [   1.72908] Adapter format is 23
d3d      D         d3d_disp.cpp:1215 real_choose_bitmap_format        [   1.72909] Found a format
d3d      I         d3d_disp.cpp:2388 d3d_create_bitmap                [   1.72910] Chose bitmap format 9
dtor     D               dtor.c:196  _al_register_destructor          [   1.72937] added dtor for bitmap 0000021777dbb650, func 00007ffd6dd21bf8
stdio    D         file_stdio.c:110  file_stdio_fopen                 [   1.73076] opening ./image/char_atk2.png rb
stdio    D         file_stdio.c:110  file_stdio_fopen                 [   1.73084] opening ./image/char_atk2.png rb
d3d      D         d3d_disp.cpp:1197 real_choose_bitmap_format        [   1.73089] Fake format
d3d      D         d3d_disp.cpp:1197 real_choose_bitmap_format        [   1.73090] Fake format
d3d      D         d3d_disp.cpp:1197 real_choose_bitmap_format        [   1.73090] Fake format
d3d      D         d3d_disp.cpp:1197 real_choose_bitmap_format        [   1.73091] Fake format
d3d      D         d3d_disp.cpp:1197 real_choose_bitmap_format        [   1.73092] Fake format
d3d      D         d3d_disp.cpp:1197 real_choose_bitmap_format        [   1.73093] Fake format
d3d      D         d3d_disp.cpp:1197 real_choose_bitmap_format        [   1.73093] Fake format
d3d      D         d3d_disp.cpp:1197 real_choose_bitmap_format        [   1.73094] Fake format
d3d      D         d3d_disp.cpp:1197 real_choose_bitmap_format        [   1.73095] Fake format
d3d      D         d3d_disp.cpp:1205 real_choose_bitmap_format        [   1.73096] Alpha doesn't match
d3d      D         d3d_disp.cpp:1212 real_choose_bitmap_format        [   1.73097] Adapter format is 23
d3d      D         d3d_disp.cpp:1215 real_choose_bitmap_format        [   1.73097] Found a format
d3d      I         d3d_disp.cpp:2388 d3d_create_bitmap                [   1.73098] Chose bitmap format 9
dtor     D               dtor.c:196  _al_register_destructor          [   1.73133] added dtor for bitmap 0000021777dbb810, func 00007ffd6dd21bf8
stdio    D         file_stdio.c:110  file_stdio_fopen                 [   1.73295] opening ./sound/atk_sound.wav rb
stdio    D         file_stdio.c:110  file_stdio_fopen                 [   1.73307] opening ./sound/atk_sound.wav rb
wav      E                wav.c:121  wav_open                         [   1.73311] Bad RIFF type.
dtor     D               dtor.c:196  _al_register_destructor          [   1.73315] added dtor for sample 000002177f6add20, func 00007ffd6de81b08
dtor     D               dtor.c:196  _al_register_destructor          [   1.73320] added dtor for sample_instance 0000021777dbd9c0, func 00007ffd6de790dc
audio    D          kcm_mixer.c:121  _al_rechannel_matrix             [   1.73321] sample matrix:
audio    D          kcm_mixer.c:127  _al_rechannel_matrix             [   1.73322]  0.500000
audio    D          kcm_mixer.c:127  _al_rechannel_matrix             [   1.73323]  0.500000
stdio    D         file_stdio.c:110  file_stdio_fopen                 [   1.73324] opening ./image/stage.jpg rb
stdio    D         file_stdio.c:110  file_stdio_fopen                 [   1.73332] opening ./image/stage.jpg rb
d3d      D         d3d_disp.cpp:1197 real_choose_bitmap_format        [   1.73340] Fake format
d3d      D         d3d_disp.cpp:1197 real_choose_bitmap_format        [   1.73342] Fake format
d3d      D         d3d_disp.cpp:1197 real_choose_bitmap_format        [   1.73343] Fake format
d3d      D         d3d_disp.cpp:1197 real_choose_bitmap_format        [   1.73344] Fake format
d3d      D         d3d_disp.cpp:1197 real_choose_bitmap_format        [   1.73345] Fake format
d3d      D         d3d_disp.cpp:1197 real_choose_bitmap_format        [   1.73346] Fake format
d3d      D         d3d_disp.cpp:1197 real_choose_bitmap_format        [   1.73348] Fake format
d3d      D         d3d_disp.cpp:1197 real_choose_bitmap_format        [   1.73349] Fake format
d3d      D         d3d_disp.cpp:1197 real_choose_bitmap_format        [   1.73350] Fake format
d3d      D         d3d_disp.cpp:1205 real_choose_bitmap_format        [   1.73352] Alpha doesn't match
d3d      D         d3d_disp.cpp:1212 real_choose_bitmap_format        [   1.73353] Adapter format is 23
d3d      D         d3d_disp.cpp:1215 real_choose_bitmap_format        [   1.73354] Found a format
d3d      I         d3d_disp.cpp:2388 d3d_create_bitmap                [   1.73355] Chose bitmap format 9
dtor     D               dtor.c:196  _al_register_destructor          [   1.73431] added dtor for bitmap 000002177f6ad580, func 00007ffd6dd21bf8
d3d      D          d3d_bmp.cpp:539  _al_d3d_sync_bitmap              [   1.73837] _al_d3d_sync_bitmap (system) ref count == 1
d3d      D          d3d_bmp.cpp:545  _al_d3d_sync_bitmap              [   1.73843] _al_d3d_sync_bitmap (video) ref count == 1
d3d      D          d3d_bmp.cpp:539  _al_d3d_sync_bitmap              [   1.73934] _al_d3d_sync_bitmap (system) ref count == 1
d3d      D          d3d_bmp.cpp:545  _al_d3d_sync_bitmap              [   1.73935] _al_d3d_sync_bitmap (video) ref count == 1
d3d      D          d3d_bmp.cpp:539  _al_d3d_sync_bitmap              [   1.73961] _al_d3d_sync_bitmap (system) ref count == 1
d3d      D          d3d_bmp.cpp:545  _al_d3d_sync_bitmap              [   1.73962] _al_d3d_sync_bitmap (video) ref count == 1
d3d      D          d3d_bmp.cpp:539  _al_d3d_sync_bitmap              [   1.73975] _al_d3d_sync_bitmap (system) ref count == 1
d3d      D          d3d_bmp.cpp:545  _al_d3d_sync_bitmap              [   1.73976] _al_d3d_sync_bitmap (video) ref count == 1
d3d      D          d3d_bmp.cpp:539  _al_d3d_sync_bitmap              [   1.73990] _al_d3d_sync_bitmap (system) ref count == 1
d3d      D          d3d_bmp.cpp:545  _al_d3d_sync_bitmap              [   1.73992] _al_d3d_sync_bitmap (video) ref count == 1
dtor     D               dtor.c:227  _al_unregister_destructor        [   6.12017] removed dtor for queue 0000021777db5690
d3d      I         d3d_disp.cpp:910  d3d_destroy_display              [   6.12023] destroying display 00000217764fe7b0 (current 0000000000000000)
bitmap   D        bitmap_type.c:308  _al_convert_to_memory_bitmap     [   6.12386] converting display bitmap 000002177f6ad580 to memory bitmap
dtor     D               dtor.c:196  _al_register_destructor          [   6.12392] added dtor for bitmap 0000021777db7580, func 00007ffd6dd21bf8
d3d      D          d3d_bmp.cpp:539  _al_d3d_sync_bitmap              [   6.12395] _al_d3d_sync_bitmap (system) ref count == 1
d3d      D          d3d_bmp.cpp:545  _al_d3d_sync_bitmap              [   6.12396] _al_d3d_sync_bitmap (video) ref count == 1
dtor     D               dtor.c:227  _al_unregister_destructor        [   6.12505] removed dtor for bitmap 0000021777db7580
bitmap   D        bitmap_type.c:308  _al_convert_to_memory_bitmap     [   6.12516] converting display bitmap 0000021777dbb810 to memory bitmap
dtor     D               dtor.c:196  _al_register_destructor          [   6.12518] added dtor for bitmap 0000021777db7580, func 00007ffd6dd21bf8
d3d      D          d3d_bmp.cpp:539  _al_d3d_sync_bitmap              [   6.12519] _al_d3d_sync_bitmap (system) ref count == 1
d3d      D          d3d_bmp.cpp:545  _al_d3d_sync_bitmap              [   6.12520] _al_d3d_sync_bitmap (video) ref count == 1
dtor     D               dtor.c:227  _al_unregister_destructor        [   6.12577] removed dtor for bitmap 0000021777db7580
bitmap   D        bitmap_type.c:308  _al_convert_to_memory_bitmap     [   6.12588] converting display bitmap 0000021777dbb650 to memory bitmap
dtor     D               dtor.c:196  _al_register_destructor          [   6.12590] added dtor for bitmap 0000021777db7580, func 00007ffd6dd21bf8
d3d      D          d3d_bmp.cpp:539  _al_d3d_sync_bitmap              [   6.12591] _al_d3d_sync_bitmap (system) ref count == 1
d3d      D          d3d_bmp.cpp:545  _al_d3d_sync_bitmap              [   6.12592] _al_d3d_sync_bitmap (video) ref count == 1
dtor     D               dtor.c:227  _al_unregister_destructor        [   6.12616] removed dtor for bitmap 0000021777db7580
bitmap   D        bitmap_type.c:308  _al_convert_to_memory_bitmap     [   6.12620] converting display bitmap 0000021777dbb490 to memory bitmap
dtor     D               dtor.c:196  _al_register_destructor          [   6.12622] added dtor for bitmap 0000021777db7580, func 00007ffd6dd21bf8
d3d      D          d3d_bmp.cpp:539  _al_d3d_sync_bitmap              [   6.12623] _al_d3d_sync_bitmap (system) ref count == 1
d3d      D          d3d_bmp.cpp:545  _al_d3d_sync_bitmap              [   6.12624] _al_d3d_sync_bitmap (video) ref count == 1
dtor     D               dtor.c:227  _al_unregister_destructor        [   6.12644] removed dtor for bitmap 0000021777db7580
bitmap   D        bitmap_type.c:308  _al_convert_to_memory_bitmap     [   6.12646] converting display bitmap 0000021777dbb2d0 to memory bitmap
dtor     D               dtor.c:196  _al_register_destructor          [   6.12647] added dtor for bitmap 0000021777db7580, func 00007ffd6dd21bf8
d3d      D          d3d_bmp.cpp:539  _al_d3d_sync_bitmap              [   6.12649] _al_d3d_sync_bitmap (system) ref count == 1
d3d      D          d3d_bmp.cpp:545  _al_d3d_sync_bitmap              [   6.12649] _al_d3d_sync_bitmap (video) ref count == 1
dtor     D               dtor.c:227  _al_unregister_destructor        [   6.12664] removed dtor for bitmap 0000021777db7580
bitmap   D        bitmap_type.c:308  _al_convert_to_memory_bitmap     [   6.12667] converting display bitmap 0000021777dc02e0 to memory bitmap
dtor     D               dtor.c:196  _al_register_destructor          [   6.12668] added dtor for bitmap 0000021777db7580, func 00007ffd6dd21bf8
d3d      D          d3d_bmp.cpp:539  _al_d3d_sync_bitmap              [   6.12669] _al_d3d_sync_bitmap (system) ref count == 1
d3d      D          d3d_bmp.cpp:545  _al_d3d_sync_bitmap              [   6.12670] _al_d3d_sync_bitmap (video) ref count == 1
dtor     D               dtor.c:227  _al_unregister_destructor        [   6.12731] removed dtor for bitmap 0000021777db7580
d3d      D         d3d_disp.cpp:894  d3d_destroy_display_internals    [   6.12747] waiting for display 00000217764fe7b0's thread to end
d3d      W         d3d_disp.cpp:603  d3d_destroy_device               [   6.13887] d3d_destroy_device: ref count not 0
d3d      W         d3d_disp.cpp:603  d3d_destroy_device               [   6.13896] d3d_destroy_device: ref count not 0
d3d      I         d3d_disp.cpp:1557 d3d_display_thread_proc          [   6.16114] d3d display thread exits
dtor     D               dtor.c:227  _al_unregister_destructor        [   6.16294] removed dtor for bitmap 000002177f6ad580
dtor     D               dtor.c:227  _al_unregister_destructor        [   6.16303] removed dtor for bitmap 0000021777dbb650
dtor     D               dtor.c:227  _al_unregister_destructor        [   6.16317] removed dtor for bitmap 0000021777dbb810
dtor     D               dtor.c:227  _al_unregister_destructor        [   6.16320] removed dtor for bitmap 0000021777dbb2d0
dtor     D               dtor.c:227  _al_unregister_destructor        [   6.16323] removed dtor for bitmap 0000021777dbb490
dtor     D               dtor.c:227  _al_unregister_destructor        [   6.16326] removed dtor for sample_instance 0000021777dbd9c0
dtor     D               dtor.c:116  _al_run_destructors              [   6.16329] calling dtor for bitmap 0000021777dc02e0, func 00007ffd6dd21bf8
dtor     D               dtor.c:227  _al_unregister_destructor        [   6.16330] removed dtor for bitmap 0000021777dc02e0
dtor     D               dtor.c:116  _al_run_destructors              [   6.16340] calling dtor for timer 0000021777db63a0, func 00007ffd6dd60dc2
dtor     D               dtor.c:227  _al_unregister_destructor        [   6.16342] removed dtor for timer 0000021777db63a0
dtor     D               dtor.c:227  _al_unregister_destructor        [   6.16345] removed dtor for sample_instance 0000021777e4faa0
dtor     D               dtor.c:227  _al_unregister_destructor        [   6.16347] removed dtor for sample_instance 0000021777e4fbc0
dtor     D               dtor.c:227  _al_unregister_destructor        [   6.16349] removed dtor for sample_instance 0000021777e4fce0
dtor     D               dtor.c:227  _al_unregister_destructor        [   6.16351] removed dtor for sample_instance 0000021777db7460
dtor     D               dtor.c:227  _al_unregister_destructor        [   6.16352] removed dtor for sample_instance 0000021777db7870
dtor     D               dtor.c:227  _al_unregister_destructor        [   6.16354] removed dtor for sample_instance 0000021777db7990
dtor     D               dtor.c:227  _al_unregister_destructor        [   6.16355] removed dtor for sample_instance 0000021777e4f7b0
dtor     D               dtor.c:227  _al_unregister_destructor        [   6.16356] removed dtor for sample_instance 0000021777e4f8d0
dtor     D               dtor.c:227  _al_unregister_destructor        [   6.16358] removed dtor for sample_instance 0000021777dbcad0
dtor     D               dtor.c:227  _al_unregister_destructor        [   6.16359] removed dtor for sample_instance 0000021777dbcbf0
dtor     D               dtor.c:227  _al_unregister_destructor        [   6.16361] removed dtor for sample_instance 0000021777dbcd10
dtor     D               dtor.c:227  _al_unregister_destructor        [   6.16362] removed dtor for sample_instance 0000021777dbce30
dtor     D               dtor.c:227  _al_unregister_destructor        [   6.16364] removed dtor for sample_instance 0000021777dbcf50
dtor     D               dtor.c:227  _al_unregister_destructor        [   6.16365] removed dtor for sample_instance 0000021777dbd070
dtor     D               dtor.c:227  _al_unregister_destructor        [   6.16367] removed dtor for sample_instance 0000021777dbd190
dtor     D               dtor.c:227  _al_unregister_destructor        [   6.16368] removed dtor for sample_instance 0000021777dbdc00
dtor     D               dtor.c:227  _al_unregister_destructor        [   6.16369] removed dtor for sample_instance 0000021777dbe080
dtor     D               dtor.c:227  _al_unregister_destructor        [   6.16371] removed dtor for sample_instance 0000021777dbd8a0
dtor     D               dtor.c:227  _al_unregister_destructor        [   6.16372] removed dtor for sample_instance 0000021777dbd660
dtor     D               dtor.c:227  _al_unregister_destructor        [   6.16373] removed dtor for sample_instance 0000021777dbd420
dtor     D               dtor.c:227  _al_unregister_destructor        [   6.16375] removed dtor for mixer 0000021777e4f570
audio-dsound D           dsound.cpp:539  _dsound_stop_voice               [   6.16376] Stopping voice
audio-dsound D           dsound.cpp:556  _dsound_stop_voice               [   6.16378] Joining thread
audio-dsound D           dsound.cpp:562  _dsound_stop_voice               [   6.16884] Joined thread
audio-dsound D           dsound.cpp:564  _dsound_stop_voice               [   6.16891] Destroying thread
audio-dsound D           dsound.cpp:566  _dsound_stop_voice               [   6.16892] Thread destroyed
audio-dsound D           dsound.cpp:573  _dsound_stop_voice               [   6.16894] Releasing buffer
audio-dsound I           dsound.cpp:577  _dsound_stop_voice               [   6.16895] Voice stopped
dtor     D               dtor.c:227  _al_unregister_destructor        [   6.16898] removed dtor for voice 0000021777e4f430
audio-dsound D           dsound.cpp:391  _dsound_deallocate_voice         [   6.16900] Deallocating voice
audio-dsound D           dsound.cpp:396  _dsound_deallocate_voice         [   6.16901] Deallocated voice
dtor     D               dtor.c:116  _al_run_destructors              [   6.16903] calling dtor for sample 000002177f6add20, func 00007ffd6de81b08
dtor     D               dtor.c:227  _al_unregister_destructor        [   6.16905] removed dtor for sample 000002177f6add20
dtor     D               dtor.c:116  _al_run_destructors              [   6.16908] calling dtor for sample_instance 0000021777dbd780, func 00007ffd6de790dc
dtor     D               dtor.c:227  _al_unregister_destructor        [   6.16910] removed dtor for sample_instance 0000021777dbd780
dtor     D               dtor.c:116  _al_run_destructors              [   6.16913] calling dtor for sample 0000021777db31d0, func 00007ffd6de81b08
dtor     D               dtor.c:227  _al_unregister_destructor        [   6.16914] removed dtor for sample 0000021777db31d0
audio-dsound D           dsound.cpp:304  _dsound_close                    [   6.17048] Releasing device
audio-dsound D           dsound.cpp:309  _dsound_close                    [   6.19530] Released device
audio-dsound I           dsound.cpp:310  _dsound_close                    [   6.19534] DirectSound closed
